<?xml version="1.0" encoding="UTF-8"?>
<testsuite name="com.example.dao.PurchaseDaoImplTests" tests="3" skipped="0" failures="0" errors="0" timestamp="2025-08-07T17:43:32" hostname="LABPC" time="7.26">
  <properties/>
  <testcase name="getPurchase()" classname="com.example.dao.PurchaseDaoImplTests" time="3.721"/>
  <testcase name="getAllPurchases()" classname="com.example.dao.PurchaseDaoImplTests" time="1.713"/>
  <testcase name="savePurchase()" classname="com.example.dao.PurchaseDaoImplTests" time="1.816"/>
  <system-out><![CDATA[The com.example.dao.PurchaseDao.getPurchase method was called.
The com.example.dao.PurchaseDao.getAllPurchases method was called.
]]></system-out>
  <system-err><![CDATA[WARNING: A Java agent has been loaded dynamically (C:\Users\labadmin\.gradle\caches\modules-2\files-2.1\net.bytebuddy\byte-buddy-agent\1.14.9\dfb8707031008535048bad2b69735f46d0b6c5e5\byte-buddy-agent-1.14.9.jar)
WARNING: If a serviceability tool is in use, please run with -XX:+EnableDynamicAgentLoading to hide this warning
WARNING: If a serviceability tool is not in use, please run with -Djdk.instrument.traceUsage for more information
WARNING: Dynamic loading of agents will be disallowed by default in a future release
]]></system-err>
</testsuite>
